build/app/intermediates/manifest_merge_blame_file/debug/manifest-merger-blame-debug-report.txt
1<?xml version="1.0" encoding="utf-8"?>
2<manifest xmlns:android="http://schemas.android.com/apk/res/android"
3    package="com.example.due_news"
4    android:versionCode="1"
5    android:versionName="1.0.0" >
6
7    <uses-sdk
8        android:minSdkVersion="19"
9        android:targetSdkVersion="30" />
10    <!--
11         The INTERNET permission is required for development. Specifically,
12         the Flutter tool needs it to communicate with the running application
13         to allow setting breakpoints, to provide hot reload, etc.
14    -->
15    <uses-permission android:name="android.permission.INTERNET" />
15-->src\debug\AndroidManifest.xml:7:5-66
15-->src\debug\AndroidManifest.xml:7:22-64
16    <!-- Permissions options for the `camera` group -->
17    <uses-permission android:name="android.permission.CAMERA" />
17-->src\main\AndroidManifest.xml:3:2-62
17-->src\main\AndroidManifest.xml:3:19-59
18    <uses-permission android:name="android.permission.ACCESS_NETWORK_STATE" />
18-->[com.google.firebase:firebase-auth:21.2.0] AndroidManifest.xml:26:5-79
18-->[com.google.firebase:firebase-auth:21.2.0] AndroidManifest.xml:26:22-76
19    <uses-permission android:name="android.permission.WAKE_LOCK" />
19-->[com.google.android.gms:play-services-measurement-api:21.2.1] AndroidManifest.xml:24:5-68
19-->[com.google.android.gms:play-services-measurement-api:21.2.1] AndroidManifest.xml:24:22-65
20    <uses-permission android:name="com.google.android.gms.permission.AD_ID" />
20-->[com.google.android.gms:play-services-measurement-api:21.2.1] AndroidManifest.xml:25:5-79
20-->[com.google.android.gms:play-services-measurement-api:21.2.1] AndroidManifest.xml:25:22-76
21    <uses-permission android:name="com.google.android.finsky.permission.BIND_GET_INSTALL_REFERRER_SERVICE" />
21-->[com.google.android.gms:play-services-measurement:21.2.1] AndroidManifest.xml:26:5-110
21-->[com.google.android.gms:play-services-measurement:21.2.1] AndroidManifest.xml:26:22-107
22    <uses-permission android:name="android.permission.RECEIVE_BOOT_COMPLETED" />
22-->[androidx.work:work-runtime:2.7.1] AndroidManifest.xml:27:5-81
22-->[androidx.work:work-runtime:2.7.1] AndroidManifest.xml:27:22-78
23    <uses-permission android:name="android.permission.FOREGROUND_SERVICE" />
23-->[androidx.work:work-runtime:2.7.1] AndroidManifest.xml:28:5-77
23-->[androidx.work:work-runtime:2.7.1] AndroidManifest.xml:28:22-74
24
25    <queries>
25-->[androidx.media2:media2-session:1.2.0] AndroidManifest.xml:24:5-34:15
26        <intent>
26-->[androidx.media2:media2-session:1.2.0] AndroidManifest.xml:25:9-27:18
27            <action android:name="android.media.browse.MediaBrowserService" />
27-->[androidx.media2:media2-session:1.2.0] AndroidManifest.xml:26:13-79
27-->[androidx.media2:media2-session:1.2.0] AndroidManifest.xml:26:21-76
28        </intent>
29        <intent>
29-->[androidx.media2:media2-session:1.2.0] AndroidManifest.xml:28:9-30:18
30            <action android:name="androidx.media2.session.MediaSessionService" />
30-->[androidx.media2:media2-session:1.2.0] AndroidManifest.xml:29:13-82
30-->[androidx.media2:media2-session:1.2.0] AndroidManifest.xml:29:21-79
31        </intent>
32        <intent>
32-->[androidx.media2:media2-session:1.2.0] AndroidManifest.xml:31:9-33:18
33            <action android:name="androidx.media2.session.MediaLibraryService" />
33-->[androidx.media2:media2-session:1.2.0] AndroidManifest.xml:32:13-82
33-->[androidx.media2:media2-session:1.2.0] AndroidManifest.xml:32:21-79
34        </intent>
35    </queries>
36
37    <permission
37-->[androidx.core:core:1.9.0] AndroidManifest.xml:22:5-24:47
38        android:name="com.example.due_news.DYNAMIC_RECEIVER_NOT_EXPORTED_PERMISSION"
38-->[androidx.core:core:1.9.0] AndroidManifest.xml:23:9-81
39        android:protectionLevel="signature" />
39-->[androidx.core:core:1.9.0] AndroidManifest.xml:24:9-44
40
41    <uses-permission android:name="com.example.due_news.DYNAMIC_RECEIVER_NOT_EXPORTED_PERMISSION" />
41-->[androidx.core:core:1.9.0] AndroidManifest.xml:26:5-97
41-->[androidx.core:core:1.9.0] AndroidManifest.xml:26:22-94
42
43    <application
44        android:name="android.app.Application"
45        android:appComponentFactory="androidx.core.app.CoreComponentFactory"
45-->[androidx.core:core:1.9.0] AndroidManifest.xml:28:18-86
46        android:debuggable="true"
47        android:fullBackupContent="@xml/backup_config"
47-->[com.cloudinary:cloudinary-android-core:2.2.0] AndroidManifest.xml:11:18-64
48        android:icon="@mipmap/launcher_icon"
49        android:label="DUE News" >
50        <activity
51            android:name="com.example.due_news.MainActivity"
52            android:configChanges="orientation|keyboardHidden|keyboard|screenSize|smallestScreenSize|locale|layoutDirection|fontScale|screenLayout|density|uiMode"
53            android:exported="true"
54            android:hardwareAccelerated="true"
55            android:launchMode="singleTop"
56            android:theme="@style/LaunchTheme"
57            android:windowSoftInputMode="adjustResize" >
58
59            <!--
60			Specifies an Android theme to apply to this Activity as soon as
61			the Android process has started. This theme is visible to the user
62			while the Flutter UI initializes. After that, this theme continues
63			to determine the Window background behind the Flutter UI.
64            -->
65            <meta-data
66                android:name="io.flutter.embedding.android.NormalTheme"
67                android:resource="@style/NormalTheme" />
68
69            <intent-filter>
70                <action android:name="android.intent.action.MAIN" />
71
72                <category android:name="android.intent.category.LAUNCHER" />
73            </intent-filter>
74            <!-- Deep linking -->
75            <meta-data
76                android:name="flutter_deeplinking_enabled"
77                android:value="true" />
78
79            <intent-filter android:autoVerify="true" >
80                <action android:name="android.intent.action.VIEW" />
80-->[com.google.firebase:firebase-auth:21.2.0] AndroidManifest.xml:36:17-69
80-->[com.google.firebase:firebase-auth:21.2.0] AndroidManifest.xml:36:25-66
81
82                <category android:name="android.intent.category.DEFAULT" />
82-->[com.google.firebase:firebase-auth:21.2.0] AndroidManifest.xml:38:17-76
82-->[com.google.firebase:firebase-auth:21.2.0] AndroidManifest.xml:38:27-73
83                <category android:name="android.intent.category.BROWSABLE" />
83-->[com.google.firebase:firebase-auth:21.2.0] AndroidManifest.xml:39:17-78
83-->[com.google.firebase:firebase-auth:21.2.0] AndroidManifest.xml:39:27-75
84
85                <data
85-->[com.google.firebase:firebase-auth:21.2.0] AndroidManifest.xml:41:17-44:51
86                    android:host="duenews.page.link"
86-->[com.google.firebase:firebase-auth:21.2.0] AndroidManifest.xml:42:21-49
87                    android:scheme="http" />
87-->[com.google.firebase:firebase-auth:21.2.0] AndroidManifest.xml:44:21-48
88                <data android:scheme="https" />
88-->[com.google.firebase:firebase-auth:21.2.0] AndroidManifest.xml:41:17-44:51
88-->[com.google.firebase:firebase-auth:21.2.0] AndroidManifest.xml:44:21-48
89            </intent-filter>
90        </activity>
91        <!--
92		Don't delete the meta-data below.
93		This is used by the Flutter tool to generate GeneratedPluginRegistrant.java
94        -->
95        <meta-data
96            android:name="flutterEmbedding"
97            android:value="2" />
98
99        <service
99-->[:cloud_firestore] AndroidManifest.xml:10:9-14:19
100            android:name="com.google.firebase.components.ComponentDiscoveryService"
100-->[:cloud_firestore] AndroidManifest.xml:10:18-89
101            android:directBootAware="true"
101-->[com.google.firebase:firebase-common:20.3.2] AndroidManifest.xml:34:13-43
102            android:exported="false" >
102-->[com.google.firebase:firebase-analytics-ktx:21.2.1] AndroidManifest.xml:10:13-37
103            <meta-data
103-->[:cloud_firestore] AndroidManifest.xml:11:13-13:85
104                android:name="com.google.firebase.components:io.flutter.plugins.firebase.firestore.FlutterFirebaseFirestoreRegistrar"
104-->[:cloud_firestore] AndroidManifest.xml:12:17-134
105                android:value="com.google.firebase.components.ComponentRegistrar" />
105-->[:cloud_firestore] AndroidManifest.xml:13:17-82
106            <meta-data
106-->[:firebase_dynamic_links] AndroidManifest.xml:13:13-15:85
107                android:name="com.google.firebase.components:io.flutter.plugins.firebase.dynamiclinks.FlutterFirebaseAppRegistrar"
107-->[:firebase_dynamic_links] AndroidManifest.xml:14:17-131
108                android:value="com.google.firebase.components.ComponentRegistrar" />
108-->[:firebase_dynamic_links] AndroidManifest.xml:15:17-82
109            <meta-data
109-->[:firebase_auth] AndroidManifest.xml:11:13-13:85
110                android:name="com.google.firebase.components:io.flutter.plugins.firebase.auth.FlutterFirebaseAuthRegistrar"
110-->[:firebase_auth] AndroidManifest.xml:12:17-124
111                android:value="com.google.firebase.components.ComponentRegistrar" />
111-->[:firebase_auth] AndroidManifest.xml:13:17-82
112            <meta-data
112-->[:firebase_core] AndroidManifest.xml:11:13-13:85
113                android:name="com.google.firebase.components:io.flutter.plugins.firebase.core.FlutterFirebaseCoreRegistrar"
113-->[:firebase_core] AndroidManifest.xml:12:17-124
114                android:value="com.google.firebase.components.ComponentRegistrar" />
114-->[:firebase_core] AndroidManifest.xml:13:17-82
115            <meta-data
115-->[com.google.firebase:firebase-analytics-ktx:21.2.1] AndroidManifest.xml:11:13-13:85
116                android:name="com.google.firebase.components:com.google.firebase.analytics.ktx.FirebaseAnalyticsKtxRegistrar"
116-->[com.google.firebase:firebase-analytics-ktx:21.2.1] AndroidManifest.xml:12:17-126
117                android:value="com.google.firebase.components.ComponentRegistrar" />
117-->[com.google.firebase:firebase-analytics-ktx:21.2.1] AndroidManifest.xml:13:17-82
118            <meta-data
118-->[com.google.firebase:firebase-common-ktx:20.3.2] AndroidManifest.xml:14:13-16:85
119                android:name="com.google.firebase.components:com.google.firebase.ktx.FirebaseCommonKtxRegistrar"
119-->[com.google.firebase:firebase-common-ktx:20.3.2] AndroidManifest.xml:15:17-113
120                android:value="com.google.firebase.components.ComponentRegistrar" />
120-->[com.google.firebase:firebase-common-ktx:20.3.2] AndroidManifest.xml:16:17-82
121            <meta-data
121-->[com.google.firebase:firebase-auth:21.2.0] AndroidManifest.xml:69:13-71:85
122                android:name="com.google.firebase.components:com.google.firebase.auth.FirebaseAuthRegistrar"
122-->[com.google.firebase:firebase-auth:21.2.0] AndroidManifest.xml:70:17-109
123                android:value="com.google.firebase.components.ComponentRegistrar" />
123-->[com.google.firebase:firebase-auth:21.2.0] AndroidManifest.xml:71:17-82
124            <meta-data
124-->[com.google.firebase:firebase-firestore:24.4.5] AndroidManifest.xml:19:13-21:85
125                android:name="com.google.firebase.components:com.google.firebase.firestore.FirestoreRegistrar"
125-->[com.google.firebase:firebase-firestore:24.4.5] AndroidManifest.xml:20:17-111
126                android:value="com.google.firebase.components.ComponentRegistrar" />
126-->[com.google.firebase:firebase-firestore:24.4.5] AndroidManifest.xml:21:17-82
127            <meta-data
127-->[com.google.firebase:firebase-dynamic-links:21.1.0] AndroidManifest.xml:26:13-28:85
128                android:name="com.google.firebase.components:com.google.firebase.dynamiclinks.internal.FirebaseDynamicLinkRegistrar"
128-->[com.google.firebase:firebase-dynamic-links:21.1.0] AndroidManifest.xml:27:17-133
129                android:value="com.google.firebase.components.ComponentRegistrar" />
129-->[com.google.firebase:firebase-dynamic-links:21.1.0] AndroidManifest.xml:28:17-82
130            <meta-data
130-->[com.google.android.gms:play-services-measurement-api:21.2.1] AndroidManifest.xml:31:13-33:85
131                android:name="com.google.firebase.components:com.google.firebase.analytics.connector.internal.AnalyticsConnectorRegistrar"
131-->[com.google.android.gms:play-services-measurement-api:21.2.1] AndroidManifest.xml:32:17-139
132                android:value="com.google.firebase.components.ComponentRegistrar" />
132-->[com.google.android.gms:play-services-measurement-api:21.2.1] AndroidManifest.xml:33:17-82
133            <meta-data
133-->[com.google.firebase:firebase-installations:17.1.3] AndroidManifest.xml:17:13-19:85
134                android:name="com.google.firebase.components:com.google.firebase.installations.FirebaseInstallationsRegistrar"
134-->[com.google.firebase:firebase-installations:17.1.3] AndroidManifest.xml:18:17-127
135                android:value="com.google.firebase.components.ComponentRegistrar" />
135-->[com.google.firebase:firebase-installations:17.1.3] AndroidManifest.xml:19:17-82
136        </service>
137
138        <provider
138-->[:image_picker_android] AndroidManifest.xml:10:9-18:20
139            android:name="io.flutter.plugins.imagepicker.ImagePickerFileProvider"
139-->[:image_picker_android] AndroidManifest.xml:11:13-82
140            android:authorities="com.example.due_news.flutter.image_provider"
140-->[:image_picker_android] AndroidManifest.xml:12:13-74
141            android:exported="false"
141-->[:image_picker_android] AndroidManifest.xml:13:13-37
142            android:grantUriPermissions="true" >
142-->[:image_picker_android] AndroidManifest.xml:14:13-47
143            <meta-data
143-->[:image_picker_android] AndroidManifest.xml:15:13-17:75
144                android:name="android.support.FILE_PROVIDER_PATHS"
144-->[:image_picker_android] AndroidManifest.xml:16:17-67
145                android:resource="@xml/flutter_image_picker_file_paths" />
145-->[:image_picker_android] AndroidManifest.xml:17:17-72
146        </provider>
147
148        <activity
148-->[:url_launcher_android] AndroidManifest.xml:10:9-13:74
149            android:name="io.flutter.plugins.urllauncher.WebViewActivity"
149-->[:url_launcher_android] AndroidManifest.xml:11:13-74
150            android:exported="false"
150-->[:url_launcher_android] AndroidManifest.xml:12:13-37
151            android:theme="@android:style/Theme.NoTitleBar.Fullscreen" />
151-->[:url_launcher_android] AndroidManifest.xml:13:13-71
152        <!--
153           Declares a provider which allows us to store files to share in
154           '.../caches/share_plus' and grant the receiving action access
155        -->
156        <provider
156-->[:share_plus] AndroidManifest.xml:15:9-23:20
157            android:name="dev.fluttercommunity.plus.share.ShareFileProvider"
157-->[:share_plus] AndroidManifest.xml:16:13-77
158            android:authorities="com.example.due_news.flutter.share_provider"
158-->[:share_plus] AndroidManifest.xml:17:13-74
159            android:exported="false"
159-->[:share_plus] AndroidManifest.xml:18:13-37
160            android:grantUriPermissions="true" >
160-->[:share_plus] AndroidManifest.xml:19:13-47
161            <meta-data
161-->[:image_picker_android] AndroidManifest.xml:15:13-17:75
162                android:name="android.support.FILE_PROVIDER_PATHS"
162-->[:image_picker_android] AndroidManifest.xml:16:17-67
163                android:resource="@xml/flutter_share_file_paths" />
163-->[:image_picker_android] AndroidManifest.xml:17:17-72
164        </provider>
165        <!--
166           This manifest declared broadcast receiver allows us to use an explicit
167           Intent when creating a PendingItent to be informed of the user's choice
168        -->
169        <receiver
169-->[:share_plus] AndroidManifest.xml:28:9-34:20
170            android:name="dev.fluttercommunity.plus.share.SharePlusPendingIntent"
170-->[:share_plus] AndroidManifest.xml:29:13-82
171            android:exported="false" >
171-->[:share_plus] AndroidManifest.xml:30:13-37
172            <intent-filter>
172-->[:share_plus] AndroidManifest.xml:31:13-33:29
173                <action android:name="EXTRA_CHOSEN_COMPONENT" />
173-->[:share_plus] AndroidManifest.xml:32:17-65
173-->[:share_plus] AndroidManifest.xml:32:25-62
174            </intent-filter>
175        </receiver>
176
177        <activity
177-->[com.google.firebase:firebase-auth:21.2.0] AndroidManifest.xml:29:9-46:20
178            android:name="com.google.firebase.auth.internal.GenericIdpActivity"
178-->[com.google.firebase:firebase-auth:21.2.0] AndroidManifest.xml:30:13-80
179            android:excludeFromRecents="true"
179-->[com.google.firebase:firebase-auth:21.2.0] AndroidManifest.xml:31:13-46
180            android:exported="true"
180-->[com.google.firebase:firebase-auth:21.2.0] AndroidManifest.xml:32:13-36
181            android:launchMode="singleTask"
181-->[com.google.firebase:firebase-auth:21.2.0] AndroidManifest.xml:33:13-44
182            android:theme="@android:style/Theme.Translucent.NoTitleBar" >
182-->[com.google.firebase:firebase-auth:21.2.0] AndroidManifest.xml:34:13-72
183            <intent-filter>
183-->[com.google.firebase:firebase-auth:21.2.0] AndroidManifest.xml:35:13-45:29
184                <action android:name="android.intent.action.VIEW" />
184-->[com.google.firebase:firebase-auth:21.2.0] AndroidManifest.xml:36:17-69
184-->[com.google.firebase:firebase-auth:21.2.0] AndroidManifest.xml:36:25-66
185
186                <category android:name="android.intent.category.DEFAULT" />
186-->[com.google.firebase:firebase-auth:21.2.0] AndroidManifest.xml:38:17-76
186-->[com.google.firebase:firebase-auth:21.2.0] AndroidManifest.xml:38:27-73
187                <category android:name="android.intent.category.BROWSABLE" />
187-->[com.google.firebase:firebase-auth:21.2.0] AndroidManifest.xml:39:17-78
187-->[com.google.firebase:firebase-auth:21.2.0] AndroidManifest.xml:39:27-75
188
189                <data
189-->[com.google.firebase:firebase-auth:21.2.0] AndroidManifest.xml:41:17-44:51
190                    android:host="firebase.auth"
190-->[com.google.firebase:firebase-auth:21.2.0] AndroidManifest.xml:42:21-49
191                    android:path="/"
191-->[com.google.firebase:firebase-auth:21.2.0] AndroidManifest.xml:43:21-37
192                    android:scheme="genericidp" />
192-->[com.google.firebase:firebase-auth:21.2.0] AndroidManifest.xml:44:21-48
193            </intent-filter>
194        </activity>
195        <activity
195-->[com.google.firebase:firebase-auth:21.2.0] AndroidManifest.xml:47:9-64:20
196            android:name="com.google.firebase.auth.internal.RecaptchaActivity"
196-->[com.google.firebase:firebase-auth:21.2.0] AndroidManifest.xml:48:13-79
197            android:excludeFromRecents="true"
197-->[com.google.firebase:firebase-auth:21.2.0] AndroidManifest.xml:49:13-46
198            android:exported="true"
198-->[com.google.firebase:firebase-auth:21.2.0] AndroidManifest.xml:50:13-36
199            android:launchMode="singleTask"
199-->[com.google.firebase:firebase-auth:21.2.0] AndroidManifest.xml:51:13-44
200            android:theme="@android:style/Theme.Translucent.NoTitleBar" >
200-->[com.google.firebase:firebase-auth:21.2.0] AndroidManifest.xml:52:13-72
201            <intent-filter>
201-->[com.google.firebase:firebase-auth:21.2.0] AndroidManifest.xml:53:13-63:29
202                <action android:name="android.intent.action.VIEW" />
202-->[com.google.firebase:firebase-auth:21.2.0] AndroidManifest.xml:36:17-69
202-->[com.google.firebase:firebase-auth:21.2.0] AndroidManifest.xml:36:25-66
203
204                <category android:name="android.intent.category.DEFAULT" />
204-->[com.google.firebase:firebase-auth:21.2.0] AndroidManifest.xml:38:17-76
204-->[com.google.firebase:firebase-auth:21.2.0] AndroidManifest.xml:38:27-73
205                <category android:name="android.intent.category.BROWSABLE" />
205-->[com.google.firebase:firebase-auth:21.2.0] AndroidManifest.xml:39:17-78
205-->[com.google.firebase:firebase-auth:21.2.0] AndroidManifest.xml:39:27-75
206
207                <data
207-->[com.google.firebase:firebase-auth:21.2.0] AndroidManifest.xml:41:17-44:51
208                    android:host="firebase.auth"
208-->[com.google.firebase:firebase-auth:21.2.0] AndroidManifest.xml:42:21-49
209                    android:path="/"
209-->[com.google.firebase:firebase-auth:21.2.0] AndroidManifest.xml:43:21-37
210                    android:scheme="recaptcha" />
210-->[com.google.firebase:firebase-auth:21.2.0] AndroidManifest.xml:44:21-48
211            </intent-filter>
212        </activity>
213        <activity
213-->[com.cloudinary:cloudinary-android-ui:2.2.0] AndroidManifest.xml:10:9-13:56
214            android:name="com.cloudinary.android.uploadwidget.ui.UploadWidgetActivity"
214-->[com.cloudinary:cloudinary-android-ui:2.2.0] AndroidManifest.xml:11:13-87
215            android:configChanges="orientation"
215-->[com.cloudinary:cloudinary-android-ui:2.2.0] AndroidManifest.xml:12:13-48
216            android:theme="@style/UploadWidgetTheme" />
216-->[com.cloudinary:cloudinary-android-ui:2.2.0] AndroidManifest.xml:13:13-53
217
218        <provider
218-->[com.google.firebase:firebase-common:20.3.2] AndroidManifest.xml:25:9-30:39
219            android:name="com.google.firebase.provider.FirebaseInitProvider"
219-->[com.google.firebase:firebase-common:20.3.2] AndroidManifest.xml:26:13-77
220            android:authorities="com.example.due_news.firebaseinitprovider"
220-->[com.google.firebase:firebase-common:20.3.2] AndroidManifest.xml:27:13-72
221            android:directBootAware="true"
221-->[com.google.firebase:firebase-common:20.3.2] AndroidManifest.xml:28:13-43
222            android:exported="false"
222-->[com.google.firebase:firebase-common:20.3.2] AndroidManifest.xml:29:13-37
223            android:initOrder="100" />
223-->[com.google.firebase:firebase-common:20.3.2] AndroidManifest.xml:30:13-36
224
225        <activity
225-->[com.google.android.gms:play-services-base:18.0.1] AndroidManifest.xml:20:9-22:45
226            android:name="com.google.android.gms.common.api.GoogleApiActivity"
226-->[com.google.android.gms:play-services-base:18.0.1] AndroidManifest.xml:20:19-85
227            android:exported="false"
227-->[com.google.android.gms:play-services-base:18.0.1] AndroidManifest.xml:22:19-43
228            android:theme="@android:style/Theme.Translucent.NoTitleBar" />
228-->[com.google.android.gms:play-services-base:18.0.1] AndroidManifest.xml:21:19-78
229
230        <receiver
230-->[com.google.android.gms:play-services-measurement:21.2.1] AndroidManifest.xml:29:9-33:20
231            android:name="com.google.android.gms.measurement.AppMeasurementReceiver"
231-->[com.google.android.gms:play-services-measurement:21.2.1] AndroidManifest.xml:30:13-85
232            android:enabled="true"
232-->[com.google.android.gms:play-services-measurement:21.2.1] AndroidManifest.xml:31:13-35
233            android:exported="false" >
233-->[com.google.android.gms:play-services-measurement:21.2.1] AndroidManifest.xml:32:13-37
234        </receiver>
235
236        <service
236-->[com.google.android.gms:play-services-measurement:21.2.1] AndroidManifest.xml:35:9-38:40
237            android:name="com.google.android.gms.measurement.AppMeasurementService"
237-->[com.google.android.gms:play-services-measurement:21.2.1] AndroidManifest.xml:36:13-84
238            android:enabled="true"
238-->[com.google.android.gms:play-services-measurement:21.2.1] AndroidManifest.xml:37:13-35
239            android:exported="false" />
239-->[com.google.android.gms:play-services-measurement:21.2.1] AndroidManifest.xml:38:13-37
240        <service
240-->[com.google.android.gms:play-services-measurement:21.2.1] AndroidManifest.xml:39:9-43:72
241            android:name="com.google.android.gms.measurement.AppMeasurementJobService"
241-->[com.google.android.gms:play-services-measurement:21.2.1] AndroidManifest.xml:40:13-87
242            android:enabled="true"
242-->[com.google.android.gms:play-services-measurement:21.2.1] AndroidManifest.xml:41:13-35
243            android:exported="false"
243-->[com.google.android.gms:play-services-measurement:21.2.1] AndroidManifest.xml:42:13-37
244            android:permission="android.permission.BIND_JOB_SERVICE" />
244-->[com.google.android.gms:play-services-measurement:21.2.1] AndroidManifest.xml:43:13-69
245
246        <meta-data
246-->[com.google.android.gms:play-services-basement:18.1.0] AndroidManifest.xml:21:9-23:69
247            android:name="com.google.android.gms.version"
247-->[com.google.android.gms:play-services-basement:18.1.0] AndroidManifest.xml:22:13-58
248            android:value="@integer/google_play_services_version" />
248-->[com.google.android.gms:play-services-basement:18.1.0] AndroidManifest.xml:23:13-66
249
250        <uses-library
250-->[androidx.window:window:1.0.0-beta04] AndroidManifest.xml:25:9-27:40
251            android:name="androidx.window.extensions"
251-->[androidx.window:window:1.0.0-beta04] AndroidManifest.xml:26:13-54
252            android:required="false" />
252-->[androidx.window:window:1.0.0-beta04] AndroidManifest.xml:27:13-37
253        <uses-library
253-->[androidx.window:window:1.0.0-beta04] AndroidManifest.xml:28:9-30:40
254            android:name="androidx.window.sidecar"
254-->[androidx.window:window:1.0.0-beta04] AndroidManifest.xml:29:13-51
255            android:required="false" />
255-->[androidx.window:window:1.0.0-beta04] AndroidManifest.xml:30:13-37
256
257        <provider
257-->[androidx.work:work-runtime:2.7.1] AndroidManifest.xml:31:9-39:20
258            android:name="androidx.startup.InitializationProvider"
258-->[androidx.work:work-runtime:2.7.1] AndroidManifest.xml:32:13-67
259            android:authorities="com.example.due_news.androidx-startup"
259-->[androidx.work:work-runtime:2.7.1] AndroidManifest.xml:33:13-68
260            android:exported="false" >
260-->[androidx.work:work-runtime:2.7.1] AndroidManifest.xml:34:13-37
261            <meta-data
261-->[androidx.work:work-runtime:2.7.1] AndroidManifest.xml:36:13-38:52
262                android:name="androidx.work.WorkManagerInitializer"
262-->[androidx.work:work-runtime:2.7.1] AndroidManifest.xml:37:17-68
263                android:value="androidx.startup" />
263-->[androidx.work:work-runtime:2.7.1] AndroidManifest.xml:38:17-49
264        </provider>
265
266        <service
266-->[androidx.work:work-runtime:2.7.1] AndroidManifest.xml:41:9-46:35
267            android:name="androidx.work.impl.background.systemalarm.SystemAlarmService"
267-->[androidx.work:work-runtime:2.7.1] AndroidManifest.xml:42:13-88
268            android:directBootAware="false"
268-->[androidx.work:work-runtime:2.7.1] AndroidManifest.xml:43:13-44
269            android:enabled="@bool/enable_system_alarm_service_default"
269-->[androidx.work:work-runtime:2.7.1] AndroidManifest.xml:44:13-72
270            android:exported="false" />
270-->[androidx.work:work-runtime:2.7.1] AndroidManifest.xml:45:13-37
271        <service
271-->[androidx.work:work-runtime:2.7.1] AndroidManifest.xml:47:9-53:35
272            android:name="androidx.work.impl.background.systemjob.SystemJobService"
272-->[androidx.work:work-runtime:2.7.1] AndroidManifest.xml:48:13-84
273            android:directBootAware="false"
273-->[androidx.work:work-runtime:2.7.1] AndroidManifest.xml:49:13-44
274            android:enabled="@bool/enable_system_job_service_default"
274-->[androidx.work:work-runtime:2.7.1] AndroidManifest.xml:50:13-70
275            android:exported="true"
275-->[androidx.work:work-runtime:2.7.1] AndroidManifest.xml:51:13-36
276            android:permission="android.permission.BIND_JOB_SERVICE" />
276-->[androidx.work:work-runtime:2.7.1] AndroidManifest.xml:52:13-69
277        <service
277-->[androidx.work:work-runtime:2.7.1] AndroidManifest.xml:54:9-59:35
278            android:name="androidx.work.impl.foreground.SystemForegroundService"
278-->[androidx.work:work-runtime:2.7.1] AndroidManifest.xml:55:13-81
279            android:directBootAware="false"
279-->[androidx.work:work-runtime:2.7.1] AndroidManifest.xml:56:13-44
280            android:enabled="@bool/enable_system_foreground_service_default"
280-->[androidx.work:work-runtime:2.7.1] AndroidManifest.xml:57:13-77
281            android:exported="false" />
281-->[androidx.work:work-runtime:2.7.1] AndroidManifest.xml:58:13-37
282
283        <receiver
283-->[androidx.work:work-runtime:2.7.1] AndroidManifest.xml:61:9-66:35
284            android:name="androidx.work.impl.utils.ForceStopRunnable$BroadcastReceiver"
284-->[androidx.work:work-runtime:2.7.1] AndroidManifest.xml:62:13-88
285            android:directBootAware="false"
285-->[androidx.work:work-runtime:2.7.1] AndroidManifest.xml:63:13-44
286            android:enabled="true"
286-->[androidx.work:work-runtime:2.7.1] AndroidManifest.xml:64:13-35
287            android:exported="false" />
287-->[androidx.work:work-runtime:2.7.1] AndroidManifest.xml:65:13-37
288        <receiver
288-->[androidx.work:work-runtime:2.7.1] AndroidManifest.xml:67:9-77:20
289            android:name="androidx.work.impl.background.systemalarm.ConstraintProxy$BatteryChargingProxy"
289-->[androidx.work:work-runtime:2.7.1] AndroidManifest.xml:68:13-106
290            android:directBootAware="false"
290-->[androidx.work:work-runtime:2.7.1] AndroidManifest.xml:69:13-44
291            android:enabled="false"
291-->[androidx.work:work-runtime:2.7.1] AndroidManifest.xml:70:13-36
292            android:exported="false" >
292-->[androidx.work:work-runtime:2.7.1] AndroidManifest.xml:71:13-37
293            <intent-filter>
293-->[androidx.work:work-runtime:2.7.1] AndroidManifest.xml:73:13-76:29